<?xml version="1.0" encoding="UTF-8"?>
<!-- Generated by org.testng.reporters.JUnitReportReporter -->
<testsuite hostname="LAPTOP-30A2M6SH" failures="0" tests="2" name="com.EcommercepageFactorys.tests.HomepageTestPF" time="3.841" errors="0" timestamp="2024-12-28T15:11:55 IST" skipped="0">
  <testcase classname="com.EcommercepageFactorys.tests.HomepageTestPF" name="verifyRegistration" time="1.625"/>
  <testcase classname="com.EcommercepageFactorys.tests.HomepageTestPF" name="verifylogin" time="2.216"/>
</testsuite> <!-- com.EcommercepageFactorys.tests.HomepageTestPF -->
