<?xml version="1.0" encoding="UTF-8"?>
<!-- Generated by org.testng.reporters.JUnitReportReporter -->
<testsuite hostname="LAPTOP-30A2M6SH" failures="0" tests="3" name="com.EcommercepageFactorys.tests.cartPageTestPF" time="3.425" errors="0" timestamp="2024-12-28T15:11:55 IST" skipped="0">
  <testcase classname="com.EcommercepageFactorys.tests.cartPageTestPF" name="verifyplaceoder" time="2.757"/>
  <testcase classname="com.EcommercepageFactorys.tests.cartPageTestPF" name="verifypurchasedetailsandCheckout" time="0.608"/>
  <testcase classname="com.EcommercepageFactorys.tests.cartPageTestPF" name="verifyPurchaseOrder" time="0.060"/>
</testsuite> <!-- com.EcommercepageFactorys.tests.cartPageTestPF -->
